<?xml version="1.0" encoding="UTF-8"?>
<!-- Generated by org.testng.reporters.JUnitReportReporter -->
<testsuite hostname="DESKTOP-6CM26U6" failures="0" tests="1" name="com.ABHIUSP.runner.TestRunner" time="43.327" errors="0" timestamp="2024-08-04T08:56:20 IST" skipped="0">
  <testcase classname="com.ABHIUSP.runner.TestRunner" name="runScenario" time="43.327"/>
</testsuite> <!-- com.ABHIUSP.runner.TestRunner -->
