<?xml version="1.0" encoding="UTF-8"?>
<!-- Generated by org.testng.reporters.JUnitReportReporter -->
<testsuite hostname="LAPTOP-E2QB3MJH" failures="0" tests="1" name="TestPractice.Test2ReadExcel" time="2.363" errors="0" timestamp="2024-08-04T19:37:06 IST" skipped="0">
  <testcase classname="TestPractice.Test2ReadExcel" name="name" time="2.363"/>
</testsuite> <!-- TestPractice.Test2ReadExcel -->
