<?xml version="1.0" encoding="UTF-8"?>
<!-- Generated by org.testng.reporters.JUnitReportReporter -->
<testsuite hostname="DESKTOP-6CM26U6" failures="0" tests="1" name="TestPractice.Practice" time="0.747" errors="0" timestamp="2024-07-31T21:38:50 IST" skipped="0">
  <testcase classname="TestPractice.Practice" name="getDataFromMAp" time="0.747"/>
</testsuite> <!-- TestPractice.Practice -->
