<?xml version="1.0" encoding="UTF-8"?>
<!-- Generated by org.testng.reporters.JUnitReportReporter -->
<testsuite hostname="DESKTOP-6CM26U6" failures="0" tests="1" name="com.ABHIUSP.utilities.ReadExcelData" time="0.884" errors="0" timestamp="2024-08-01T10:52:30 IST" skipped="0">
  <testcase classname="com.ABHIUSP.utilities.ReadExcelData" name="getDataFromMAp" time="0.884"/>
</testsuite> <!-- com.ABHIUSP.utilities.ReadExcelData -->
