<?xml version="1.0" encoding="UTF-8"?>
<!-- Generated by org.testng.reporters.JUnitReportReporter -->
<testsuite hostname="LAPTOP-E2QB3MJH" failures="0" tests="1" name="com.ABHIUSP.runner.TestRunner" time="61.582" errors="0" timestamp="2024-08-04T15:37:34 IST" skipped="0">
  <testcase classname="com.ABHIUSP.runner.TestRunner" name="runScenario" time="61.582"/>
</testsuite> <!-- com.ABHIUSP.runner.TestRunner -->
