<?xml version="1.0" encoding="UTF-8"?>
<!-- Generated by org.testng.reporters.JUnitReportReporter -->
<testsuite hostname="DESKTOP-6CM26U6" failures="0" tests="1" name="com.ABHIUSP.utilities.GetSheetLocation" time="0.521" errors="0" timestamp="2024-08-01T17:09:01 IST" skipped="0">
  <testcase classname="com.ABHIUSP.utilities.GetSheetLocation" name="name" time="0.521"/>
</testsuite> <!-- com.ABHIUSP.utilities.GetSheetLocation -->
