<?xml version="1.0" encoding="UTF-8"?>
<!-- Generated by org.testng.reporters.JUnitReportReporter -->
<testsuite hostname="DESKTOP-6CM26U6" failures="0" tests="1" name="TestPractice.TestGetSheetLocation" time="0.515" errors="0" timestamp="2024-08-01T22:59:41 IST" skipped="0">
  <testcase classname="TestPractice.TestGetSheetLocation" name="getProductSheet" time="0.515"/>
</testsuite> <!-- TestPractice.TestGetSheetLocation -->
