<?xml version="1.0" encoding="UTF-8"?>
<!-- Generated by org.testng.reporters.JUnitReportReporter -->
<testsuite hostname="DESKTOP-6CM26U6" failures="0" tests="1" name="com.ABHIUSP.utilities.Test" time="0.743" errors="0" timestamp="2024-07-31T16:08:44 IST" skipped="0">
  <testcase classname="com.ABHIUSP.utilities.Test" name="name" time="0.743"/>
</testsuite> <!-- com.ABHIUSP.utilities.Test -->
