<?xml version="1.0" encoding="UTF-8"?>
<!-- Generated by org.testng.reporters.JUnitReportReporter -->
<testsuite hostname="DESKTOP-6CM26U6" failures="0" tests="1" name="com.ABHIUSP.utilities.ReadExcellData" time="0.596" errors="0" timestamp="2024-07-30T16:44:07 IST" skipped="0">
  <testcase classname="com.ABHIUSP.utilities.ReadExcellData" name="ptintData" time="0.596"/>
</testsuite> <!-- com.ABHIUSP.utilities.ReadExcellData -->
