<?xml version="1.0" encoding="UTF-8"?>
<!-- Generated by org.testng.reporters.JUnitReportReporter -->
<testsuite hostname="DESKTOP-6CM26U6" failures="0" tests="1" name="TestPractice.Practice2" time="0.775" errors="0" timestamp="2024-08-02T10:30:53 IST" skipped="0">
  <testcase classname="TestPractice.Practice2" name="getDataFromMap" time="0.775"/>
</testsuite> <!-- TestPractice.Practice2 -->
